This is XeTeX, Version 3.141592653-2.6-0.999993 (TeX Live 2021/Arch Linux) (preloaded format=xelatex 2021.5.25)  13 DEC 2021 16:58
entering extended mode
 restricted \write18 enabled.
 %&-line parsing enabled.
**main.tex
(./main.tex
LaTeX2e <2020-10-01> patch level 4
L3 programming layer <2021-02-18>
(/usr/share/texmf-dist/tex/latex/base/article.cls
Document Class: article 2020/04/10 v1.4m Standard LaTeX document class
(/usr/share/texmf-dist/tex/latex/base/size10.clo
File: size10.clo 2020/04/10 v1.4m Standard LaTeX file (size option)
)
\c@part=\count175
\c@section=\count176
\c@subsection=\count177
\c@subsubsection=\count178
\c@paragraph=\count179
\c@subparagraph=\count180
\c@figure=\count181
\c@table=\count182
\abovecaptionskip=\skip47
\belowcaptionskip=\skip48
\bibindent=\dimen138
)
(/usr/share/texmf-dist/tex/latex/base/fontenc.sty
Package: fontenc 2020/08/10 v2.0s Standard LaTeX package
LaTeX Font Info:    Trying to load font information for T1+lmr on input line 11
2.

(/usr/share/texmf-dist/tex/latex/lm/t1lmr.fd
File: t1lmr.fd 2015/05/01 v1.6.1 Font defs for Latin Modern
))
(/usr/share/texmf-dist/tex/latex/plex-otf/plex-otf.sty
Package: plex-otf 2018/04/13 v. 0.07a (Herbert Voss) Supports plex OpenType for
 lualatex/xelatex.

(/usr/share/texmf-dist/tex/generic/iftex/ifxetex.sty
Package: ifxetex 2019/10/25 v0.7 ifxetex legacy package. Use iftex instead.

(/usr/share/texmf-dist/tex/generic/iftex/iftex.sty
Package: iftex 2020/03/06 v1.0d TeX engine tests
))
(/usr/share/texmf-dist/tex/generic/iftex/ifluatex.sty
Package: ifluatex 2019/10/25 v1.5 ifluatex legacy package. Use iftex instead.
)
(/usr/share/texmf-dist/tex/latex/xkeyval/xkeyval.sty
Package: xkeyval 2020/11/20 v2.8 package option processing (HA)

(/usr/share/texmf-dist/tex/generic/xkeyval/xkeyval.tex
(/usr/share/texmf-dist/tex/generic/xkeyval/xkvutils.tex
\XKV@toks=\toks15
\XKV@tempa@toks=\toks16

(/usr/share/texmf-dist/tex/generic/xkeyval/keyval.tex))
\XKV@depth=\count183
File: xkeyval.tex 2014/12/03 v2.7a key=value parser (HA)
))
(/usr/share/texmf-dist/tex/latex/base/textcomp.sty
Package: textcomp 2020/02/02 v2.0n Standard LaTeX package
)
(/usr/share/texmf-dist/tex/latex/fontspec/fontspec.sty
(/usr/share/texmf-dist/tex/latex/l3packages/xparse/xparse.sty
(/usr/share/texmf-dist/tex/latex/l3kernel/expl3.sty
Package: expl3 2021-02-18 L3 programming layer (loader) 

(/usr/share/texmf-dist/tex/latex/l3backend/l3backend-xetex.def
File: l3backend-xetex.def 2021-03-18 L3 backend support: XeTeX

(|extractbb --version)
\c__kernel_sys_dvipdfmx_version_int=\count184
\l__color_backend_stack_int=\count185
\g__color_backend_stack_int=\count186
\g__graphics_track_int=\count187
\l__pdf_internal_box=\box47
\g__pdf_backend_object_int=\count188
\g__pdf_backend_annotation_int=\count189
\g__pdf_backend_link_int=\count190
))
(/usr/share/texmf-dist/tex/latex/l3packages/xparse/xparse-2020-10-01.sty
(/usr/share/texmf-dist/tex/latex/l3packages/xparse/xparse-generic.tex)))
Package: fontspec 2020/02/21 v2.7i Font selection for XeLaTeX and LuaLaTeX

(/usr/share/texmf-dist/tex/latex/fontspec/fontspec-xetex.sty
Package: fontspec-xetex 2020/02/21 v2.7i Font selection for XeLaTeX and LuaLaTe
X
\l__fontspec_script_int=\count191
\l__fontspec_language_int=\count192
\l__fontspec_strnum_int=\count193
\l__fontspec_tmp_int=\count194
\l__fontspec_tmpa_int=\count195
\l__fontspec_tmpb_int=\count196
\l__fontspec_tmpc_int=\count197
\l__fontspec_em_int=\count198
\l__fontspec_emdef_int=\count199
\l__fontspec_strong_int=\count266
\l__fontspec_strongdef_int=\count267
\l__fontspec_tmpa_dim=\dimen139
\l__fontspec_tmpb_dim=\dimen140
\l__fontspec_tmpc_dim=\dimen141

(/usr/share/texmf-dist/tex/latex/base/fontenc.sty
Package: fontenc 2020/08/10 v2.0s Standard LaTeX package
)
(/usr/share/texmf-dist/tex/latex/fontspec/fontspec.cfg)))
RM: ExtraLight; Bold
SS: ExtraLight; Bold
SS: ExtraLight; Bold
TT: ExtraLight; Bold
Using file names for the Plex font

Package fontspec Info: Font family 'IBMPlexSerif(0)' created for font
(fontspec)             'IBMPlexSerif' with options
(fontspec)             [Ligatures=TeX,Ligatures=NoCommon,Ligatures=TeX,Extensio
n
(fontspec)             = .otf,UprightFont= *-ExtraLight,BoldFont =
(fontspec)             *-Bold,ItalicFont = *-ExtraLightItalic,BoldItalicFont =
(fontspec)             *-BoldItalic,SlantedFont = *-ExtraLightItalic].
(fontspec)              
(fontspec)              This font family consists of the following NFSS
(fontspec)             series/shapes:
(fontspec)              
(fontspec)             - 'normal' (m/n) with NFSS spec.:
(fontspec)             <->"[IBMPlexSerif-ExtraLight.otf]/OT:script=latn;languag
e=dflt;-liga;mapping=tex-text;"
(fontspec)             - 'small caps'  (m/sc) with NFSS spec.: 
(fontspec)             - 'bold' (b/n) with NFSS spec.:
(fontspec)             <->"[IBMPlexSerif-Bold.otf]/OT:script=latn;language=dflt
;-liga;mapping=tex-text;"
(fontspec)             - 'bold small caps'  (b/sc) with NFSS spec.: 
(fontspec)             - 'italic' (m/it) with NFSS spec.:
(fontspec)             <->"[IBMPlexSerif-ExtraLightItalic.otf]/OT:script=latn;l
anguage=dflt;-liga;mapping=tex-text;"
(fontspec)             - 'italic small caps'  (m/scit) with NFSS spec.: 
(fontspec)             - 'slanted' (m/sl) with NFSS spec.:
(fontspec)             <->"[IBMPlexSerif-ExtraLightItalic.otf]/OT:script=latn;l
anguage=dflt;-liga;mapping=tex-text;"
(fontspec)             - 'slanted small caps'  (m/scsl) with NFSS spec.: 
(fontspec)             - 'bold italic' (b/it) with NFSS spec.:
(fontspec)             <->"[IBMPlexSerif-BoldItalic.otf]/OT:script=latn;languag
e=dflt;-liga;mapping=tex-text;"
(fontspec)             - 'bold italic small caps'  (b/scit) with NFSS spec.: 


Package fontspec Info: Font family 'IBMPlexSerif(1)' created for font
(fontspec)             'IBMPlexSerif' with options
(fontspec)             [Ligatures=TeX,Ligatures=NoCommon,Extension =
(fontspec)             .otf,FakeSlant = 0.2,UprightFont =
(fontspec)             *-ExtraLight,BoldFont = *-Bold].
(fontspec)              
(fontspec)              This font family consists of the following NFSS
(fontspec)             series/shapes:
(fontspec)              
(fontspec)             - 'normal' (m/n) with NFSS spec.:
(fontspec)             <->"[IBMPlexSerif-ExtraLight.otf]/OT:script=latn;languag
e=dflt;slant=0.2;-liga;mapping=tex-text;"
(fontspec)             - 'small caps'  (m/sc) with NFSS spec.: 
(fontspec)             - 'bold' (b/n) with NFSS spec.:
(fontspec)             <->"[IBMPlexSerif-Bold.otf]/OT:script=latn;language=dflt
;slant=0.2;-liga;mapping=tex-text;"
(fontspec)             - 'bold small caps'  (b/sc) with NFSS spec.: 


Package fontspec Info: Font family 'IBMPlexSerif(2)' created for font
(fontspec)             'IBMPlexSerif' with options
(fontspec)             [Ligatures=TeX,Ligatures=NoCommon,Extension =
(fontspec)             .otf,UprightFont= *-ExtraLight,ItalicFont =
(fontspec)             *-ExtraLightItalic].
(fontspec)              
(fontspec)              This font family consists of the following NFSS
(fontspec)             series/shapes:
(fontspec)              
(fontspec)             - 'normal' (m/n) with NFSS spec.:
(fontspec)             <->"[IBMPlexSerif-ExtraLight.otf]/OT:script=latn;languag
e=dflt;-liga;mapping=tex-text;"
(fontspec)             - 'small caps'  (m/sc) with NFSS spec.: 
(fontspec)             - 'italic' (m/it) with NFSS spec.:
(fontspec)             <->"[IBMPlexSerif-ExtraLightItalic.otf]/OT:script=latn;l
anguage=dflt;-liga;mapping=tex-text;"
(fontspec)             - 'italic small caps'  (m/scit) with NFSS spec.: 


Package fontspec Info: Font family 'IBMPlexSerif(3)' created for font
(fontspec)             'IBMPlexSerif' with options
(fontspec)             [Ligatures=TeX,Ligatures=NoCommon,Extension =
(fontspec)             .otf,UprightFont= *-Light,ItalicFont = *-LightItalic].
(fontspec)              
(fontspec)              This font family consists of the following NFSS
(fontspec)             series/shapes:
(fontspec)              
(fontspec)             - 'normal' (m/n) with NFSS spec.:
(fontspec)             <->"[IBMPlexSerif-Light.otf]/OT:script=latn;language=dfl
t;-liga;mapping=tex-text;"
(fontspec)             - 'small caps'  (m/sc) with NFSS spec.: 
(fontspec)             - 'italic' (m/it) with NFSS spec.:
(fontspec)             <->"[IBMPlexSerif-LightItalic.otf]/OT:script=latn;langua
ge=dflt;-liga;mapping=tex-text;"
(fontspec)             - 'italic small caps'  (m/scit) with NFSS spec.: 


Package fontspec Info: Font family 'IBMPlexSerif(4)' created for font
(fontspec)             'IBMPlexSerif' with options
(fontspec)             [Ligatures=TeX,Ligatures=NoCommon,Extension =
(fontspec)             .otf,UprightFont= *-Thin,ItalicFont = *-ThinItalic].
(fontspec)              
(fontspec)              This font family consists of the following NFSS
(fontspec)             series/shapes:
(fontspec)              
(fontspec)             - 'normal' (m/n) with NFSS spec.:
(fontspec)             <->"[IBMPlexSerif-Thin.otf]/OT:script=latn;language=dflt
;-liga;mapping=tex-text;"
(fontspec)             - 'small caps'  (m/sc) with NFSS spec.: 
(fontspec)             - 'italic' (m/it) with NFSS spec.:
(fontspec)             <->"[IBMPlexSerif-ThinItalic.otf]/OT:script=latn;languag
e=dflt;-liga;mapping=tex-text;"
(fontspec)             - 'italic small caps'  (m/scit) with NFSS spec.: 


Package fontspec Info: Font family 'IBMPlexSerif(5)' created for font
(fontspec)             'IBMPlexSerif' with options
(fontspec)             [Ligatures=TeX,Ligatures=NoCommon,Extension =
(fontspec)             .otf,UprightFont= *-Medium,ItalicFont =
(fontspec)             *-MediumItalic].
(fontspec)              
(fontspec)              This font family consists of the following NFSS
(fontspec)             series/shapes:
(fontspec)              
(fontspec)             - 'normal' (m/n) with NFSS spec.:
(fontspec)             <->"[IBMPlexSerif-Medium.otf]/OT:script=latn;language=df
lt;-liga;mapping=tex-text;"
(fontspec)             - 'small caps'  (m/sc) with NFSS spec.: 
(fontspec)             - 'italic' (m/it) with NFSS spec.:
(fontspec)             <->"[IBMPlexSerif-MediumItalic.otf]/OT:script=latn;langu
age=dflt;-liga;mapping=tex-text;"
(fontspec)             - 'italic small caps'  (m/scit) with NFSS spec.: 


Package fontspec Info: Font family 'IBMPlexSerif(6)' created for font
(fontspec)             'IBMPlexSerif' with options
(fontspec)             [Ligatures=TeX,Ligatures=NoCommon,Extension =
(fontspec)             .otf,UprightFont= *-Text,ItalicFont = *-TextItalic].
(fontspec)              
(fontspec)              This font family consists of the following NFSS
(fontspec)             series/shapes:
(fontspec)              
(fontspec)             - 'normal' (m/n) with NFSS spec.:
(fontspec)             <->"[IBMPlexSerif-Text.otf]/OT:script=latn;language=dflt
;-liga;mapping=tex-text;"
(fontspec)             - 'small caps'  (m/sc) with NFSS spec.: 
(fontspec)             - 'italic' (m/it) with NFSS spec.:
(fontspec)             <->"[IBMPlexSerif-TextItalic.otf]/OT:script=latn;languag
e=dflt;-liga;mapping=tex-text;"
(fontspec)             - 'italic small caps'  (m/scit) with NFSS spec.: 


Package fontspec Info: Font family 'IBMPlexSerif(7)' created for font
(fontspec)             'IBMPlexSerif' with options
(fontspec)             [Ligatures=TeX,Ligatures=NoCommon,Extension =
(fontspec)             .otf,UprightFont= *-ExtraLight,BoldFont =
(fontspec)             *-SemiBold,BoldItalicFont = *-SemiBoldItalic].
(fontspec)              
(fontspec)              This font family consists of the following NFSS
(fontspec)             series/shapes:
(fontspec)              
(fontspec)             - 'normal' (m/n) with NFSS spec.:
(fontspec)             <->"[IBMPlexSerif-ExtraLight.otf]/OT:script=latn;languag
e=dflt;-liga;mapping=tex-text;"
(fontspec)             - 'small caps'  (m/sc) with NFSS spec.: 
(fontspec)             - 'bold' (b/n) with NFSS spec.:
(fontspec)             <->"[IBMPlexSerif-SemiBold.otf]/OT:script=latn;language=
dflt;-liga;mapping=tex-text;"
(fontspec)             - 'bold small caps'  (b/sc) with NFSS spec.: 
(fontspec)             - 'bold italic' (b/it) with NFSS spec.:
(fontspec)             <->"[IBMPlexSerif-SemiBoldItalic.otf]/OT:script=latn;lan
guage=dflt;-liga;mapping=tex-text;"
(fontspec)             - 'bold italic small caps'  (b/scit) with NFSS spec.: 


Package fontspec Info: Font family 'IBMPlexSans(0)' created for font
(fontspec)             'IBMPlexSans' with options
(fontspec)             [Ligatures=TeX,Ligatures=NoCommon,Ligatures=TeX,Extensio
n
(fontspec)             = .otf,UprightFont= *-ExtraLight,BoldFont =
(fontspec)             *-Bold,ItalicFont = *-ExtraLightItalic,BoldItalicFont =
(fontspec)             *-BoldItalic,SlantedFont = *-ExtraLightItalic].
(fontspec)              
(fontspec)              This font family consists of the following NFSS
(fontspec)             series/shapes:
(fontspec)              
(fontspec)             - 'normal' (m/n) with NFSS spec.:
(fontspec)             <->"[IBMPlexSans-ExtraLight.otf]/OT:script=latn;language
=dflt;-liga;mapping=tex-text;"
(fontspec)             - 'small caps'  (m/sc) with NFSS spec.: 
(fontspec)             - 'bold' (b/n) with NFSS spec.:
(fontspec)             <->"[IBMPlexSans-Bold.otf]/OT:script=latn;language=dflt;
-liga;mapping=tex-text;"
(fontspec)             - 'bold small caps'  (b/sc) with NFSS spec.: 
(fontspec)             - 'italic' (m/it) with NFSS spec.:
(fontspec)             <->"[IBMPlexSans-ExtraLightItalic.otf]/OT:script=latn;la
nguage=dflt;-liga;mapping=tex-text;"
(fontspec)             - 'italic small caps'  (m/scit) with NFSS spec.: 
(fontspec)             - 'slanted' (m/sl) with NFSS spec.:
(fontspec)             <->"[IBMPlexSans-ExtraLightItalic.otf]/OT:script=latn;la
nguage=dflt;-liga;mapping=tex-text;"
(fontspec)             - 'slanted small caps'  (m/scsl) with NFSS spec.: 
(fontspec)             - 'bold italic' (b/it) with NFSS spec.:
(fontspec)             <->"[IBMPlexSans-BoldItalic.otf]/OT:script=latn;language
=dflt;-liga;mapping=tex-text;"
(fontspec)             - 'bold italic small caps'  (b/scit) with NFSS spec.: 


Package fontspec Info: Font family 'IBMPlexSans(1)' created for font
(fontspec)             'IBMPlexSans' with options
(fontspec)             [Ligatures=TeX,Ligatures=NoCommon,Extension =
(fontspec)             .otf,FakeSlant = 0.2,UprightFont =
(fontspec)             *-ExtraLight,BoldFont = *-Bold].
(fontspec)              
(fontspec)              This font family consists of the following NFSS
(fontspec)             series/shapes:
(fontspec)              
(fontspec)             - 'normal' (m/n) with NFSS spec.:
(fontspec)             <->"[IBMPlexSans-ExtraLight.otf]/OT:script=latn;language
=dflt;slant=0.2;-liga;mapping=tex-text;"
(fontspec)             - 'small caps'  (m/sc) with NFSS spec.: 
(fontspec)             - 'bold' (b/n) with NFSS spec.:
(fontspec)             <->"[IBMPlexSans-Bold.otf]/OT:script=latn;language=dflt;
slant=0.2;-liga;mapping=tex-text;"
(fontspec)             - 'bold small caps'  (b/sc) with NFSS spec.: 


Package fontspec Info: Font family 'IBMPlexSans(2)' created for font
(fontspec)             'IBMPlexSans' with options
(fontspec)             [Ligatures=TeX,Ligatures=NoCommon,Extension =
(fontspec)             .otf,UprightFont= *-ExtraLight,ItalicFont =
(fontspec)             *-ExtraLightItalic].
(fontspec)              
(fontspec)              This font family consists of the following NFSS
(fontspec)             series/shapes:
(fontspec)              
(fontspec)             - 'normal' (m/n) with NFSS spec.:
(fontspec)             <->"[IBMPlexSans-ExtraLight.otf]/OT:script=latn;language
=dflt;-liga;mapping=tex-text;"
(fontspec)             - 'small caps'  (m/sc) with NFSS spec.: 
(fontspec)             - 'italic' (m/it) with NFSS spec.:
(fontspec)             <->"[IBMPlexSans-ExtraLightItalic.otf]/OT:script=latn;la
nguage=dflt;-liga;mapping=tex-text;"
(fontspec)             - 'italic small caps'  (m/scit) with NFSS spec.: 


Package fontspec Info: Font family 'IBMPlexSans(3)' created for font
(fontspec)             'IBMPlexSans' with options
(fontspec)             [Ligatures=TeX,Ligatures=NoCommon,Extension =
(fontspec)             .otf,UprightFont= *-Light,ItalicFont = *-LightItalic].
(fontspec)              
(fontspec)              This font family consists of the following NFSS
(fontspec)             series/shapes:
(fontspec)              
(fontspec)             - 'normal' (m/n) with NFSS spec.:
(fontspec)             <->"[IBMPlexSans-Light.otf]/OT:script=latn;language=dflt
;-liga;mapping=tex-text;"
(fontspec)             - 'small caps'  (m/sc) with NFSS spec.: 
(fontspec)             - 'italic' (m/it) with NFSS spec.:
(fontspec)             <->"[IBMPlexSans-LightItalic.otf]/OT:script=latn;languag
e=dflt;-liga;mapping=tex-text;"
(fontspec)             - 'italic small caps'  (m/scit) with NFSS spec.: 


Package fontspec Info: Font family 'IBMPlexSans(4)' created for font
(fontspec)             'IBMPlexSans' with options
(fontspec)             [Ligatures=TeX,Ligatures=NoCommon,Extension =
(fontspec)             .otf,UprightFont= *-Thin,ItalicFont = *-ThinItalic].
(fontspec)              
(fontspec)              This font family consists of the following NFSS
(fontspec)             series/shapes:
(fontspec)              
(fontspec)             - 'normal' (m/n) with NFSS spec.:
(fontspec)             <->"[IBMPlexSans-Thin.otf]/OT:script=latn;language=dflt;
-liga;mapping=tex-text;"
(fontspec)             - 'small caps'  (m/sc) with NFSS spec.: 
(fontspec)             - 'italic' (m/it) with NFSS spec.:
(fontspec)             <->"[IBMPlexSans-ThinItalic.otf]/OT:script=latn;language
=dflt;-liga;mapping=tex-text;"
(fontspec)             - 'italic small caps'  (m/scit) with NFSS spec.: 


Package fontspec Info: Font family 'IBMPlexSans(5)' created for font
(fontspec)             'IBMPlexSans' with options
(fontspec)             [Ligatures=TeX,Ligatures=NoCommon,Extension =
(fontspec)             .otf,UprightFont= *-Medium,ItalicFont =
(fontspec)             *-MediumItalic].
(fontspec)              
(fontspec)              This font family consists of the following NFSS
(fontspec)             series/shapes:
(fontspec)              
(fontspec)             - 'normal' (m/n) with NFSS spec.:
(fontspec)             <->"[IBMPlexSans-Medium.otf]/OT:script=latn;language=dfl
t;-liga;mapping=tex-text;"
(fontspec)             - 'small caps'  (m/sc) with NFSS spec.: 
(fontspec)             - 'italic' (m/it) with NFSS spec.:
(fontspec)             <->"[IBMPlexSans-MediumItalic.otf]/OT:script=latn;langua
ge=dflt;-liga;mapping=tex-text;"
(fontspec)             - 'italic small caps'  (m/scit) with NFSS spec.: 


Package fontspec Info: Font family 'IBMPlexSans(6)' created for font
(fontspec)             'IBMPlexSans' with options
(fontspec)             [Ligatures=TeX,Ligatures=NoCommon,Extension =
(fontspec)             .otf,UprightFont= *-Text,ItalicFont = *-TextItalic].
(fontspec)              
(fontspec)              This font family consists of the following NFSS
(fontspec)             series/shapes:
(fontspec)              
(fontspec)             - 'normal' (m/n) with NFSS spec.:
(fontspec)             <->"[IBMPlexSans-Text.otf]/OT:script=latn;language=dflt;
-liga;mapping=tex-text;"
(fontspec)             - 'small caps'  (m/sc) with NFSS spec.: 
(fontspec)             - 'italic' (m/it) with NFSS spec.:
(fontspec)             <->"[IBMPlexSans-TextItalic.otf]/OT:script=latn;language
=dflt;-liga;mapping=tex-text;"
(fontspec)             - 'italic small caps'  (m/scit) with NFSS spec.: 


Package fontspec Info: Font family 'IBMPlexSans(7)' created for font
(fontspec)             'IBMPlexSans' with options
(fontspec)             [Ligatures=TeX,Ligatures=NoCommon,Extension =
(fontspec)             .otf,UprightFont= *-ExtraLight,BoldFont =
(fontspec)             *-SemiBold,BoldItalicFont = *-SemiBoldItalic].
(fontspec)              
(fontspec)              This font family consists of the following NFSS
(fontspec)             series/shapes:
(fontspec)              
(fontspec)             - 'normal' (m/n) with NFSS spec.:
(fontspec)             <->"[IBMPlexSans-ExtraLight.otf]/OT:script=latn;language
=dflt;-liga;mapping=tex-text;"
(fontspec)             - 'small caps'  (m/sc) with NFSS spec.: 
(fontspec)             - 'bold' (b/n) with NFSS spec.:
(fontspec)             <->"[IBMPlexSans-SemiBold.otf]/OT:script=latn;language=d
flt;-liga;mapping=tex-text;"
(fontspec)             - 'bold small caps'  (b/sc) with NFSS spec.: 
(fontspec)             - 'bold italic' (b/it) with NFSS spec.:
(fontspec)             <->"[IBMPlexSans-SemiBoldItalic.otf]/OT:script=latn;lang
uage=dflt;-liga;mapping=tex-text;"
(fontspec)             - 'bold italic small caps'  (b/scit) with NFSS spec.: 


Package fontspec Info: Font family 'IBMPlexSansCondensed(0)' created for font
(fontspec)             'IBMPlexSansCondensed' with options
(fontspec)             [Ligatures=TeX,Ligatures=NoCommon,Extension =
(fontspec)             .otf,UprightFont= *-ExtraLight,BoldFont =
(fontspec)             *-Bold,ItalicFont = *-ExtraLightItalic,BoldItalicFont =
(fontspec)             *-BoldItalic,SlantedFont = *-ExtraLightItalic].
(fontspec)              
(fontspec)              This font family consists of the following NFSS
(fontspec)             series/shapes:
(fontspec)              
(fontspec)             - 'normal' (m/n) with NFSS spec.:
(fontspec)             <->"[IBMPlexSansCondensed-ExtraLight.otf]/OT:script=latn
;language=dflt;-liga;mapping=tex-text;"
(fontspec)             - 'small caps'  (m/sc) with NFSS spec.: 
(fontspec)             - 'bold' (b/n) with NFSS spec.:
(fontspec)             <->"[IBMPlexSansCondensed-Bold.otf]/OT:script=latn;langu
age=dflt;-liga;mapping=tex-text;"
(fontspec)             - 'bold small caps'  (b/sc) with NFSS spec.: 
(fontspec)             - 'italic' (m/it) with NFSS spec.:
(fontspec)             <->"[IBMPlexSansCondensed-ExtraLightItalic.otf]/OT:scrip
t=latn;language=dflt;-liga;mapping=tex-text;"
(fontspec)             - 'italic small caps'  (m/scit) with NFSS spec.: 
(fontspec)             - 'slanted' (m/sl) with NFSS spec.:
(fontspec)             <->"[IBMPlexSansCondensed-ExtraLightItalic.otf]/OT:scrip
t=latn;language=dflt;-liga;mapping=tex-text;"
(fontspec)             - 'slanted small caps'  (m/scsl) with NFSS spec.: 
(fontspec)             - 'bold italic' (b/it) with NFSS spec.:
(fontspec)             <->"[IBMPlexSansCondensed-BoldItalic.otf]/OT:script=latn
;language=dflt;-liga;mapping=tex-text;"
(fontspec)             - 'bold italic small caps'  (b/scit) with NFSS spec.: 


Package fontspec Info: Font family 'IBMPlexSansCondensed(1)' created for font
(fontspec)             'IBMPlexSansCondensed' with options
(fontspec)             [Ligatures=TeX,Ligatures=NoCommon,Extension =
(fontspec)             .otf,FakeSlant = 0.2,UprightFont =
(fontspec)             *-ExtraLight,BoldFont = *-Bold].
(fontspec)              
(fontspec)              This font family consists of the following NFSS
(fontspec)             series/shapes:
(fontspec)              
(fontspec)             - 'normal' (m/n) with NFSS spec.:
(fontspec)             <->"[IBMPlexSansCondensed-ExtraLight.otf]/OT:script=latn
;language=dflt;slant=0.2;-liga;mapping=tex-text;"
(fontspec)             - 'small caps'  (m/sc) with NFSS spec.: 
(fontspec)             - 'bold' (b/n) with NFSS spec.:
(fontspec)             <->"[IBMPlexSansCondensed-Bold.otf]/OT:script=latn;langu
age=dflt;slant=0.2;-liga;mapping=tex-text;"
(fontspec)             - 'bold small caps'  (b/sc) with NFSS spec.: 


Package fontspec Info: Font family 'IBMPlexSansCondensed(2)' created for font
(fontspec)             'IBMPlexSansCondensed' with options
(fontspec)             [Ligatures=TeX,Ligatures=NoCommon,Extension =
(fontspec)             .otf,UprightFont= *-ExtraLight,ItalicFont =
(fontspec)             *-ExtraLightItalic].
(fontspec)              
(fontspec)              This font family consists of the following NFSS
(fontspec)             series/shapes:
(fontspec)              
(fontspec)             - 'normal' (m/n) with NFSS spec.:
(fontspec)             <->"[IBMPlexSansCondensed-ExtraLight.otf]/OT:script=latn
;language=dflt;-liga;mapping=tex-text;"
(fontspec)             - 'small caps'  (m/sc) with NFSS spec.: 
(fontspec)             - 'italic' (m/it) with NFSS spec.:
(fontspec)             <->"[IBMPlexSansCondensed-ExtraLightItalic.otf]/OT:scrip
t=latn;language=dflt;-liga;mapping=tex-text;"
(fontspec)             - 'italic small caps'  (m/scit) with NFSS spec.: 


Package fontspec Info: Font family 'IBMPlexSansCondensed(3)' created for font
(fontspec)             'IBMPlexSansCondensed' with options
(fontspec)             [Ligatures=TeX,Ligatures=NoCommon,Extension =
(fontspec)             .otf,UprightFont= *-Light,ItalicFont = *-LightItalic].
(fontspec)              
(fontspec)              This font family consists of the following NFSS
(fontspec)             series/shapes:
(fontspec)              
(fontspec)             - 'normal' (m/n) with NFSS spec.:
(fontspec)             <->"[IBMPlexSansCondensed-Light.otf]/OT:script=latn;lang
uage=dflt;-liga;mapping=tex-text;"
(fontspec)             - 'small caps'  (m/sc) with NFSS spec.: 
(fontspec)             - 'italic' (m/it) with NFSS spec.:
(fontspec)             <->"[IBMPlexSansCondensed-LightItalic.otf]/OT:script=lat
n;language=dflt;-liga;mapping=tex-text;"
(fontspec)             - 'italic small caps'  (m/scit) with NFSS spec.: 


Package fontspec Info: Font family 'IBMPlexSansCondensed(4)' created for font
(fontspec)             'IBMPlexSansCondensed' with options
(fontspec)             [Ligatures=TeX,Ligatures=NoCommon,Extension =
(fontspec)             .otf,UprightFont= *-Thin,ItalicFont = *-ThinItalic].
(fontspec)              
(fontspec)              This font family consists of the following NFSS
(fontspec)             series/shapes:
(fontspec)              
(fontspec)             - 'normal' (m/n) with NFSS spec.:
(fontspec)             <->"[IBMPlexSansCondensed-Thin.otf]/OT:script=latn;langu
age=dflt;-liga;mapping=tex-text;"
(fontspec)             - 'small caps'  (m/sc) with NFSS spec.: 
(fontspec)             - 'italic' (m/it) with NFSS spec.:
(fontspec)             <->"[IBMPlexSansCondensed-ThinItalic.otf]/OT:script=latn
;language=dflt;-liga;mapping=tex-text;"
(fontspec)             - 'italic small caps'  (m/scit) with NFSS spec.: 


Package fontspec Info: Font family 'IBMPlexSansCondensed(5)' created for font
(fontspec)             'IBMPlexSansCondensed' with options
(fontspec)             [Ligatures=TeX,Ligatures=NoCommon,Extension =
(fontspec)             .otf,UprightFont= *-Medium,ItalicFont =
(fontspec)             *-MediumItalic].
(fontspec)              
(fontspec)              This font family consists of the following NFSS
(fontspec)             series/shapes:
(fontspec)              
(fontspec)             - 'normal' (m/n) with NFSS spec.:
(fontspec)             <->"[IBMPlexSansCondensed-Medium.otf]/OT:script=latn;lan
guage=dflt;-liga;mapping=tex-text;"
(fontspec)             - 'small caps'  (m/sc) with NFSS spec.: 
(fontspec)             - 'italic' (m/it) with NFSS spec.:
(fontspec)             <->"[IBMPlexSansCondensed-MediumItalic.otf]/OT:script=la
tn;language=dflt;-liga;mapping=tex-text;"
(fontspec)             - 'italic small caps'  (m/scit) with NFSS spec.: 


Package fontspec Info: Font family 'IBMPlexSansCondensed(6)' created for font
(fontspec)             'IBMPlexSansCondensed' with options
(fontspec)             [Ligatures=TeX,Ligatures=NoCommon,Extension =
(fontspec)             .otf,UprightFont= *-Text,ItalicFont = *-TextItalic].
(fontspec)              
(fontspec)              This font family consists of the following NFSS
(fontspec)             series/shapes:
(fontspec)              
(fontspec)             - 'normal' (m/n) with NFSS spec.:
(fontspec)             <->"[IBMPlexSansCondensed-Text.otf]/OT:script=latn;langu
age=dflt;-liga;mapping=tex-text;"
(fontspec)             - 'small caps'  (m/sc) with NFSS spec.: 
(fontspec)             - 'italic' (m/it) with NFSS spec.:
(fontspec)             <->"[IBMPlexSansCondensed-TextItalic.otf]/OT:script=latn
;language=dflt;-liga;mapping=tex-text;"
(fontspec)             - 'italic small caps'  (m/scit) with NFSS spec.: 


Package fontspec Info: Font family 'IBMPlexSansCondensed(7)' created for font
(fontspec)             'IBMPlexSansCondensed' with options
(fontspec)             [Ligatures=TeX,Ligatures=NoCommon,Extension =
(fontspec)             .otf,UprightFont= *-ExtraLight,BoldFont =
(fontspec)             *-SemiBold,BoldItalicFont = *-SemiBoldItalic].
(fontspec)              
(fontspec)              This font family consists of the following NFSS
(fontspec)             series/shapes:
(fontspec)              
(fontspec)             - 'normal' (m/n) with NFSS spec.:
(fontspec)             <->"[IBMPlexSansCondensed-ExtraLight.otf]/OT:script=latn
;language=dflt;-liga;mapping=tex-text;"
(fontspec)             - 'small caps'  (m/sc) with NFSS spec.: 
(fontspec)             - 'bold' (b/n) with NFSS spec.:
(fontspec)             <->"[IBMPlexSansCondensed-SemiBold.otf]/OT:script=latn;l
anguage=dflt;-liga;mapping=tex-text;"
(fontspec)             - 'bold small caps'  (b/sc) with NFSS spec.: 
(fontspec)             - 'bold italic' (b/it) with NFSS spec.:
(fontspec)             <->"[IBMPlexSansCondensed-SemiBoldItalic.otf]/OT:script=
latn;language=dflt;-liga;mapping=tex-text;"
(fontspec)             - 'bold italic small caps'  (b/scit) with NFSS spec.: 


Package fontspec Warning: OpenType feature 'Ligatures=CommonOff' (liga) not
(fontspec)                available for font 'IBMPlexMono-ExtraLight' with
(fontspec)                script 'CustomDefault' and language 'Default'.


Package fontspec Warning: OpenType feature 'Ligatures=CommonOff' (liga) not
(fontspec)                available for font 'IBMPlexMono-ExtraLight' with
(fontspec)                script 'CustomDefault' and language 'Default'.


Package fontspec Warning: OpenType feature 'Ligatures=CommonOff' (liga) not
(fontspec)                available for font 'IBMPlexMono-Bold' with script
(fontspec)                'CustomDefault' and language 'Default'.


Package fontspec Warning: OpenType feature 'Ligatures=CommonOff' (liga) not
(fontspec)                available for font 'IBMPlexMono-ExtraLightItalic'
(fontspec)                with script 'CustomDefault' and language 'Default'.


Package fontspec Warning: OpenType feature 'Ligatures=CommonOff' (liga) not
(fontspec)                available for font 'IBMPlexMono-ExtraLightItalic'
(fontspec)                with script 'CustomDefault' and language 'Default'.


Package fontspec Warning: OpenType feature 'Ligatures=CommonOff' (liga) not
(fontspec)                available for font 'IBMPlexMono-BoldItalic' with
(fontspec)                script 'CustomDefault' and language 'Default'.


Package fontspec Info: Font family 'IBMPlexMono(0)' created for font
(fontspec)             'IBMPlexMono' with options
(fontspec)             [Ligatures=TeX,Ligatures=NoCommon,WordSpace={1,0,0},Hyph
enChar=None,PunctuationSpace=WordSpace,Extension
(fontspec)             = .otf,UprightFont= *-ExtraLight,BoldFont =
(fontspec)             *-Bold,ItalicFont = *-ExtraLightItalic,BoldItalicFont =
(fontspec)             *-BoldItalic,SlantedFont = *-ExtraLightItalic].
(fontspec)              
(fontspec)              This font family consists of the following NFSS
(fontspec)             series/shapes:
(fontspec)              
(fontspec)             - 'normal' (m/n) with NFSS spec.:
(fontspec)             <->"[IBMPlexMono-ExtraLight.otf]/OT:script=latn;language
=dflt;mapping=tex-text;"
(fontspec)             - 'small caps'  (m/sc) with NFSS spec.: 
(fontspec)             and font adjustment code:
(fontspec)             \fontdimen 2\font =1\fontdimen 2\font \fontdimen 3\font
(fontspec)             =0\fontdimen 3\font \fontdimen 4\font =0\fontdimen
(fontspec)             4\font \fontdimen 7\font =0\fontdimen 2\font
(fontspec)             \tex_hyphenchar:D \font =-1\scan_stop: 
(fontspec)             - 'bold' (b/n) with NFSS spec.:
(fontspec)             <->"[IBMPlexMono-Bold.otf]/OT:script=latn;language=dflt;
mapping=tex-text;"
(fontspec)             - 'bold small caps'  (b/sc) with NFSS spec.: 
(fontspec)             and font adjustment code:
(fontspec)             \fontdimen 2\font =1\fontdimen 2\font \fontdimen 3\font
(fontspec)             =0\fontdimen 3\font \fontdimen 4\font =0\fontdimen
(fontspec)             4\font \fontdimen 7\font =0\fontdimen 2\font
(fontspec)             \tex_hyphenchar:D \font =-1\scan_stop: 
(fontspec)             - 'italic' (m/it) with NFSS spec.:
(fontspec)             <->"[IBMPlexMono-ExtraLightItalic.otf]/OT:script=latn;la
nguage=dflt;mapping=tex-text;"
(fontspec)             - 'italic small caps'  (m/scit) with NFSS spec.: 
(fontspec)             and font adjustment code:
(fontspec)             \fontdimen 2\font =1\fontdimen 2\font \fontdimen 3\font
(fontspec)             =0\fontdimen 3\font \fontdimen 4\font =0\fontdimen
(fontspec)             4\font \fontdimen 7\font =0\fontdimen 2\font
(fontspec)             \tex_hyphenchar:D \font =-1\scan_stop: 
(fontspec)             - 'slanted' (m/sl) with NFSS spec.:
(fontspec)             <->"[IBMPlexMono-ExtraLightItalic.otf]/OT:script=latn;la
nguage=dflt;mapping=tex-text;"
(fontspec)             - 'slanted small caps'  (m/scsl) with NFSS spec.: 
(fontspec)             and font adjustment code:
(fontspec)             \fontdimen 2\font =1\fontdimen 2\font \fontdimen 3\font
(fontspec)             =0\fontdimen 3\font \fontdimen 4\font =0\fontdimen
(fontspec)             4\font \fontdimen 7\font =0\fontdimen 2\font
(fontspec)             \tex_hyphenchar:D \font =-1\scan_stop: 
(fontspec)             - 'bold italic' (b/it) with NFSS spec.:
(fontspec)             <->"[IBMPlexMono-BoldItalic.otf]/OT:script=latn;language
=dflt;mapping=tex-text;"
(fontspec)             - 'bold italic small caps'  (b/scit) with NFSS spec.: 
(fontspec)             and font adjustment code:
(fontspec)             \fontdimen 2\font =1\fontdimen 2\font \fontdimen 3\font
(fontspec)             =0\fontdimen 3\font \fontdimen 4\font =0\fontdimen
(fontspec)             4\font \fontdimen 7\font =0\fontdimen 2\font
(fontspec)             \tex_hyphenchar:D \font =-1\scan_stop: 


Package fontspec Warning: OpenType feature 'Ligatures=CommonOff' (liga) not
(fontspec)                available for font 'IBMPlexMono-ExtraLight' with
(fontspec)                script 'CustomDefault' and language 'Default'.


Package fontspec Warning: OpenType feature 'Ligatures=CommonOff' (liga) not
(fontspec)                available for font 'IBMPlexMono-ExtraLight' with
(fontspec)                script 'CustomDefault' and language 'Default'.


Package fontspec Warning: OpenType feature 'Ligatures=CommonOff' (liga) not
(fontspec)                available for font 'IBMPlexMono-Bold' with script
(fontspec)                'CustomDefault' and language 'Default'.


Package fontspec Info: Font family 'IBMPlexMono(1)' created for font
(fontspec)             'IBMPlexMono' with options
(fontspec)             [Ligatures=TeX,Ligatures=NoCommon,Extension =
(fontspec)             .otf,FakeSlant = 0.2,UprightFont =
(fontspec)             *-ExtraLight,BoldFont = *-Bold].
(fontspec)              
(fontspec)              This font family consists of the following NFSS
(fontspec)             series/shapes:
(fontspec)              
(fontspec)             - 'normal' (m/n) with NFSS spec.:
(fontspec)             <->"[IBMPlexMono-ExtraLight.otf]/OT:script=latn;language
=dflt;slant=0.2;mapping=tex-text;"
(fontspec)             - 'small caps'  (m/sc) with NFSS spec.: 
(fontspec)             - 'bold' (b/n) with NFSS spec.:
(fontspec)             <->"[IBMPlexMono-Bold.otf]/OT:script=latn;language=dflt;
slant=0.2;mapping=tex-text;"
(fontspec)             - 'bold small caps'  (b/sc) with NFSS spec.: 


Package fontspec Warning: OpenType feature 'Ligatures=CommonOff' (liga) not
(fontspec)                available for font 'IBMPlexMono-ExtraLight' with
(fontspec)                script 'CustomDefault' and language 'Default'.


Package fontspec Warning: OpenType feature 'Ligatures=CommonOff' (liga) not
(fontspec)                available for font 'IBMPlexMono-ExtraLight' with
(fontspec)                script 'CustomDefault' and language 'Default'.


Package fontspec Warning: OpenType feature 'Ligatures=CommonOff' (liga) not
(fontspec)                available for font 'IBMPlexMono-ExtraLightItalic'
(fontspec)                with script 'CustomDefault' and language 'Default'.


Package fontspec Info: Font family 'IBMPlexMono(2)' created for font
(fontspec)             'IBMPlexMono' with options
(fontspec)             [Ligatures=TeX,Ligatures=NoCommon,Extension =
(fontspec)             .otf,UprightFont= *-ExtraLight,ItalicFont =
(fontspec)             *-ExtraLightItalic].
(fontspec)              
(fontspec)              This font family consists of the following NFSS
(fontspec)             series/shapes:
(fontspec)              
(fontspec)             - 'normal' (m/n) with NFSS spec.:
(fontspec)             <->"[IBMPlexMono-ExtraLight.otf]/OT:script=latn;language
=dflt;mapping=tex-text;"
(fontspec)             - 'small caps'  (m/sc) with NFSS spec.: 
(fontspec)             - 'italic' (m/it) with NFSS spec.:
(fontspec)             <->"[IBMPlexMono-ExtraLightItalic.otf]/OT:script=latn;la
nguage=dflt;mapping=tex-text;"
(fontspec)             - 'italic small caps'  (m/scit) with NFSS spec.: 


Package fontspec Warning: OpenType feature 'Ligatures=CommonOff' (liga) not
(fontspec)                available for font 'IBMPlexMono-Light' with script
(fontspec)                'CustomDefault' and language 'Default'.


Package fontspec Warning: OpenType feature 'Ligatures=CommonOff' (liga) not
(fontspec)                available for font 'IBMPlexMono-Light' with script
(fontspec)                'CustomDefault' and language 'Default'.


Package fontspec Warning: OpenType feature 'Ligatures=CommonOff' (liga) not
(fontspec)                available for font 'IBMPlexMono-LightItalic' with
(fontspec)                script 'CustomDefault' and language 'Default'.


Package fontspec Info: Font family 'IBMPlexMono(3)' created for font
(fontspec)             'IBMPlexMono' with options
(fontspec)             [Ligatures=TeX,Ligatures=NoCommon,Extension =
(fontspec)             .otf,UprightFont= *-Light,ItalicFont = *-LightItalic].
(fontspec)              
(fontspec)              This font family consists of the following NFSS
(fontspec)             series/shapes:
(fontspec)              
(fontspec)             - 'normal' (m/n) with NFSS spec.:
(fontspec)             <->"[IBMPlexMono-Light.otf]/OT:script=latn;language=dflt
;mapping=tex-text;"
(fontspec)             - 'small caps'  (m/sc) with NFSS spec.: 
(fontspec)             - 'italic' (m/it) with NFSS spec.:
(fontspec)             <->"[IBMPlexMono-LightItalic.otf]/OT:script=latn;languag
e=dflt;mapping=tex-text;"
(fontspec)             - 'italic small caps'  (m/scit) with NFSS spec.: 


Package fontspec Warning: OpenType feature 'Ligatures=CommonOff' (liga) not
(fontspec)                available for font 'IBMPlexMono-Thin' with script
(fontspec)                'CustomDefault' and language 'Default'.


Package fontspec Warning: OpenType feature 'Ligatures=CommonOff' (liga) not
(fontspec)                available for font 'IBMPlexMono-Thin' with script
(fontspec)                'CustomDefault' and language 'Default'.


Package fontspec Warning: OpenType feature 'Ligatures=CommonOff' (liga) not
(fontspec)                available for font 'IBMPlexMono-ThinItalic' with
(fontspec)                script 'CustomDefault' and language 'Default'.


Package fontspec Info: Font family 'IBMPlexMono(4)' created for font
(fontspec)             'IBMPlexMono' with options
(fontspec)             [Ligatures=TeX,Ligatures=NoCommon,Extension =
(fontspec)             .otf,UprightFont= *-Thin,ItalicFont = *-ThinItalic].
(fontspec)              
(fontspec)              This font family consists of the following NFSS
(fontspec)             series/shapes:
(fontspec)              
(fontspec)             - 'normal' (m/n) with NFSS spec.:
(fontspec)             <->"[IBMPlexMono-Thin.otf]/OT:script=latn;language=dflt;
mapping=tex-text;"
(fontspec)             - 'small caps'  (m/sc) with NFSS spec.: 
(fontspec)             - 'italic' (m/it) with NFSS spec.:
(fontspec)             <->"[IBMPlexMono-ThinItalic.otf]/OT:script=latn;language
=dflt;mapping=tex-text;"
(fontspec)             - 'italic small caps'  (m/scit) with NFSS spec.: 


Package fontspec Warning: OpenType feature 'Ligatures=CommonOff' (liga) not
(fontspec)                available for font 'IBMPlexMono-Medium' with script
(fontspec)                'CustomDefault' and language 'Default'.


Package fontspec Warning: OpenType feature 'Ligatures=CommonOff' (liga) not
(fontspec)                available for font 'IBMPlexMono-Medium' with script
(fontspec)                'CustomDefault' and language 'Default'.


Package fontspec Warning: OpenType feature 'Ligatures=CommonOff' (liga) not
(fontspec)                available for font 'IBMPlexMono-MediumItalic' with
(fontspec)                script 'CustomDefault' and language 'Default'.


Package fontspec Info: Font family 'IBMPlexMono(5)' created for font
(fontspec)             'IBMPlexMono' with options
(fontspec)             [Ligatures=TeX,Ligatures=NoCommon,Extension =
(fontspec)             .otf,UprightFont= *-Medium,ItalicFont =
(fontspec)             *-MediumItalic].
(fontspec)              
(fontspec)              This font family consists of the following NFSS
(fontspec)             series/shapes:
(fontspec)              
(fontspec)             - 'normal' (m/n) with NFSS spec.:
(fontspec)             <->"[IBMPlexMono-Medium.otf]/OT:script=latn;language=dfl
t;mapping=tex-text;"
(fontspec)             - 'small caps'  (m/sc) with NFSS spec.: 
(fontspec)             - 'italic' (m/it) with NFSS spec.:
(fontspec)             <->"[IBMPlexMono-MediumItalic.otf]/OT:script=latn;langua
ge=dflt;mapping=tex-text;"
(fontspec)             - 'italic small caps'  (m/scit) with NFSS spec.: 


Package fontspec Warning: OpenType feature 'Ligatures=CommonOff' (liga) not
(fontspec)                available for font 'IBMPlexMono-Text' with script
(fontspec)                'CustomDefault' and language 'Default'.


Package fontspec Warning: OpenType feature 'Ligatures=CommonOff' (liga) not
(fontspec)                available for font 'IBMPlexMono-Text' with script
(fontspec)                'CustomDefault' and language 'Default'.


Package fontspec Warning: OpenType feature 'Ligatures=CommonOff' (liga) not
(fontspec)                available for font 'IBMPlexMono-TextItalic' with
(fontspec)                script 'CustomDefault' and language 'Default'.


Package fontspec Info: Font family 'IBMPlexMono(6)' created for font
(fontspec)             'IBMPlexMono' with options
(fontspec)             [Ligatures=TeX,Ligatures=NoCommon,Extension =
(fontspec)             .otf,UprightFont= *-Text,ItalicFont = *-TextItalic].
(fontspec)              
(fontspec)              This font family consists of the following NFSS
(fontspec)             series/shapes:
(fontspec)              
(fontspec)             - 'normal' (m/n) with NFSS spec.:
(fontspec)             <->"[IBMPlexMono-Text.otf]/OT:script=latn;language=dflt;
mapping=tex-text;"
(fontspec)             - 'small caps'  (m/sc) with NFSS spec.: 
(fontspec)             - 'italic' (m/it) with NFSS spec.:
(fontspec)             <->"[IBMPlexMono-TextItalic.otf]/OT:script=latn;language
=dflt;mapping=tex-text;"
(fontspec)             - 'italic small caps'  (m/scit) with NFSS spec.: 


Package fontspec Warning: OpenType feature 'Ligatures=CommonOff' (liga) not
(fontspec)                available for font 'IBMPlexMono-ExtraLight' with
(fontspec)                script 'CustomDefault' and language 'Default'.


Package fontspec Warning: OpenType feature 'Ligatures=CommonOff' (liga) not
(fontspec)                available for font 'IBMPlexMono-ExtraLight' with
(fontspec)                script 'CustomDefault' and language 'Default'.


Package fontspec Warning: OpenType feature 'Ligatures=CommonOff' (liga) not
(fontspec)                available for font 'IBMPlexMono-SemiBold' with
(fontspec)                script 'CustomDefault' and language 'Default'.


Package fontspec Warning: OpenType feature 'Ligatures=CommonOff' (liga) not
(fontspec)                available for font 'IBMPlexMono-SemiBoldItalic' with
(fontspec)                script 'CustomDefault' and language 'Default'.


Package fontspec Info: Font family 'IBMPlexMono(7)' created for font
(fontspec)             'IBMPlexMono' with options
(fontspec)             [Ligatures=TeX,Ligatures=NoCommon,Extension =
(fontspec)             .otf,UprightFont= *-ExtraLight,BoldFont =
(fontspec)             *-SemiBold,BoldItalicFont = *-SemiBoldItalic].
(fontspec)              
(fontspec)              This font family consists of the following NFSS
(fontspec)             series/shapes:
(fontspec)              
(fontspec)             - 'normal' (m/n) with NFSS spec.:
(fontspec)             <->"[IBMPlexMono-ExtraLight.otf]/OT:script=latn;language
=dflt;mapping=tex-text;"
(fontspec)             - 'small caps'  (m/sc) with NFSS spec.: 
(fontspec)             - 'bold' (b/n) with NFSS spec.:
(fontspec)             <->"[IBMPlexMono-SemiBold.otf]/OT:script=latn;language=d
flt;mapping=tex-text;"
(fontspec)             - 'bold small caps'  (b/sc) with NFSS spec.: 
(fontspec)             - 'bold italic' (b/it) with NFSS spec.:
(fontspec)             <->"[IBMPlexMono-SemiBoldItalic.otf]/OT:script=latn;lang
uage=dflt;mapping=tex-text;"
(fontspec)             - 'bold italic small caps'  (b/scit) with NFSS spec.: 

LaTeX Info: Redefining \textsl on input line 585.
LaTeX Info: Redefining \slshape on input line 586.
) (./main.aux)
\openout1 = `main.aux'.

LaTeX Font Info:    Checking defaults for OML/cmm/m/it on input line 12.
LaTeX Font Info:    ... okay on input line 12.
LaTeX Font Info:    Checking defaults for OMS/cmsy/m/n on input line 12.
LaTeX Font Info:    ... okay on input line 12.
LaTeX Font Info:    Checking defaults for OT1/cmr/m/n on input line 12.
LaTeX Font Info:    ... okay on input line 12.
LaTeX Font Info:    Checking defaults for T1/cmr/m/n on input line 12.
LaTeX Font Info:    ... okay on input line 12.
LaTeX Font Info:    Checking defaults for TS1/cmr/m/n on input line 12.
LaTeX Font Info:    Trying to load font information for TS1+cmr on input line 1
2.
 (/usr/share/texmf-dist/tex/latex/base/ts1cmr.fd
File: ts1cmr.fd 2019/12/16 v2.5j Standard LaTeX font definitions
)
LaTeX Font Info:    ... okay on input line 12.
LaTeX Font Info:    Checking defaults for TU/lmr/m/n on input line 12.
LaTeX Font Info:    ... okay on input line 12.
LaTeX Font Info:    Checking defaults for OMX/cmex/m/n on input line 12.
LaTeX Font Info:    ... okay on input line 12.
LaTeX Font Info:    Checking defaults for U/cmr/m/n on input line 12.
LaTeX Font Info:    ... okay on input line 12.

Package fontspec Info: Adjusting the maths setup (use [no-math] to avoid
(fontspec)             this).

\symlegacymaths=\mathgroup4
LaTeX Font Info:    Overwriting symbol font `legacymaths' in version `bold'
(Font)                  OT1/cmr/m/n --> OT1/cmr/bx/n on input line 12.
LaTeX Font Info:    Redeclaring math accent \acute on input line 12.
LaTeX Font Info:    Redeclaring math accent \grave on input line 12.
LaTeX Font Info:    Redeclaring math accent \ddot on input line 12.
LaTeX Font Info:    Redeclaring math accent \tilde on input line 12.
LaTeX Font Info:    Redeclaring math accent \bar on input line 12.
LaTeX Font Info:    Redeclaring math accent \breve on input line 12.
LaTeX Font Info:    Redeclaring math accent \check on input line 12.
LaTeX Font Info:    Redeclaring math accent \hat on input line 12.
LaTeX Font Info:    Redeclaring math accent \dot on input line 12.
LaTeX Font Info:    Redeclaring math accent \mathring on input line 12.
LaTeX Font Info:    Redeclaring math symbol \colon on input line 12.
LaTeX Font Info:    Redeclaring math symbol \Gamma on input line 12.
LaTeX Font Info:    Redeclaring math symbol \Delta on input line 12.
LaTeX Font Info:    Redeclaring math symbol \Theta on input line 12.
LaTeX Font Info:    Redeclaring math symbol \Lambda on input line 12.
LaTeX Font Info:    Redeclaring math symbol \Xi on input line 12.
LaTeX Font Info:    Redeclaring math symbol \Pi on input line 12.
LaTeX Font Info:    Redeclaring math symbol \Sigma on input line 12.
LaTeX Font Info:    Redeclaring math symbol \Upsilon on input line 12.
LaTeX Font Info:    Redeclaring math symbol \Phi on input line 12.
LaTeX Font Info:    Redeclaring math symbol \Psi on input line 12.
LaTeX Font Info:    Redeclaring math symbol \Omega on input line 12.
LaTeX Font Info:    Redeclaring math symbol \mathdollar on input line 12.
LaTeX Font Info:    Redeclaring symbol font `operators' on input line 12.
LaTeX Font Info:    Encoding `OT1' has changed to `TU' for symbol font
(Font)              `operators' in the math version `normal' on input line 12.
LaTeX Font Info:    Overwriting symbol font `operators' in version `normal'
(Font)                  OT1/cmr/m/n --> TU/IBMPlexSerif(0)/m/n on input line 12
.
LaTeX Font Info:    Encoding `OT1' has changed to `TU' for symbol font
(Font)              `operators' in the math version `bold' on input line 12.
LaTeX Font Info:    Overwriting symbol font `operators' in version `bold'
(Font)                  OT1/cmr/bx/n --> TU/IBMPlexSerif(0)/m/n on input line 1
2.
LaTeX Font Info:    Overwriting symbol font `operators' in version `normal'
(Font)                  TU/IBMPlexSerif(0)/m/n --> TU/IBMPlexSerif(0)/m/n on in
put line 12.
LaTeX Font Info:    Overwriting math alphabet `\mathit' in version `normal'
(Font)                  OT1/cmr/m/it --> TU/IBMPlexSerif(0)/m/it on input line 
12.
LaTeX Font Info:    Overwriting math alphabet `\mathbf' in version `normal'
(Font)                  OT1/cmr/bx/n --> TU/IBMPlexSerif(0)/b/n on input line 1
2.
LaTeX Font Info:    Overwriting math alphabet `\mathsf' in version `normal'
(Font)                  OT1/cmss/m/n --> TU/IBMPlexSans(0)/m/n on input line 12
.
LaTeX Font Info:    Overwriting math alphabet `\mathtt' in version `normal'
(Font)                  OT1/cmtt/m/n --> TU/IBMPlexMono(0)/m/n on input line 12
.
LaTeX Font Info:    Overwriting symbol font `operators' in version `bold'
(Font)                  TU/IBMPlexSerif(0)/m/n --> TU/IBMPlexSerif(0)/b/n on in
put line 12.
LaTeX Font Info:    Overwriting math alphabet `\mathit' in version `bold'
(Font)                  OT1/cmr/bx/it --> TU/IBMPlexSerif(0)/b/it on input line
 12.
LaTeX Font Info:    Overwriting math alphabet `\mathsf' in version `bold'
(Font)                  OT1/cmss/bx/n --> TU/IBMPlexSans(0)/b/n on input line 1
2.
LaTeX Font Info:    Overwriting math alphabet `\mathtt' in version `bold'
(Font)                  OT1/cmtt/m/n --> TU/IBMPlexMono(0)/b/n on input line 12
.
 (./code.txt
! TeX capacity exceeded, sorry [main memory size=5000000].
\enablehyphA ...nskip \unpenalty \else #1\penalty 
                                                  0\hskip 0pt plus1pt\relax ...
l.41996 ...tWupDa0zhOIHyfrHeEdUMe134k2C4e2lSGGlmW}
                                                  
If you really absolutely need more capacity,
you can ask a wizard to enlarge me.

 
Here is how much of TeX's memory you used:
 3796 strings out of 476919
 120348 string characters out of 5827674
 4999999 words of memory out of 5000000
 23657 multiletter control sequences out of 15000+600000
 407228 words of font info for 129 fonts, out of 8000000 for 9000
 1348 hyphenation exceptions out of 8191
 96i,0n,136p,340b,287s stack positions out of 5000i,500n,10000p,200000b,80000s
No pages of output.
